TN:
SF:src\app.ts
FN:30,createApp
FN:91,(anonymous_2)
FN:105,(anonymous_3)
FNF:3
FNH:3
FNDA:2,createApp
FNDA:3,(anonymous_2)
FNDA:2,(anonymous_3)
DA:1,2
DA:2,2
DA:3,2
DA:4,2
DA:5,2
DA:8,2
DA:9,2
DA:21,2
DA:22,2
DA:23,2
DA:24,2
DA:25,2
DA:26,2
DA:28,2
DA:30,2
DA:32,2
DA:33,2
DA:35,2
DA:39,2
DA:41,2
DA:49,2
DA:52,2
DA:53,2
DA:54,2
DA:56,2
DA:64,2
DA:67,2
DA:68,2
DA:69,2
DA:71,2
DA:72,2
DA:75,2
DA:78,2
DA:79,2
DA:88,2
DA:91,2
DA:94,3
DA:95,3
DA:96,3
DA:101,2
DA:102,2
DA:105,2
DA:106,2
DA:108,2
DA:110,2
DA:111,2
DA:113,0
DA:116,2
DA:119,2
DA:120,2
LF:50
LH:49
BRDA:33,0,0,2
BRDA:33,0,1,2
BRDA:68,1,0,2
BRDA:68,2,0,2
BRDA:68,2,1,2
BRF:5
BRH:5
end_of_record
TN:
SF:src\api\controllers\auth.controller.ts
FN:12,(anonymous_4)
FN:19,(anonymous_5)
FN:26,(anonymous_6)
FN:33,(anonymous_7)
FN:44,(anonymous_8)
FN:51,(anonymous_9)
FN:58,(anonymous_10)
FN:73,(anonymous_11)
FN:94,(anonymous_12)
FN:124,(anonymous_13)
FN:143,(anonymous_14)
FNF:11
FNH:7
FNDA:2,(anonymous_4)
FNDA:12,(anonymous_5)
FNDA:1,(anonymous_6)
FNDA:0,(anonymous_7)
FNDA:14,(anonymous_8)
FNDA:1,(anonymous_9)
FNDA:0,(anonymous_10)
FNDA:1,(anonymous_11)
FNDA:1,(anonymous_12)
FNDA:0,(anonymous_13)
FNDA:0,(anonymous_14)
DA:2,2
DA:5,2
DA:7,2
DA:11,2
DA:13,2
DA:14,2
DA:19,2
DA:20,12
DA:21,12
DA:22,12
DA:23,0
DA:24,12
DA:26,2
DA:27,1
DA:28,1
DA:29,1
DA:30,0
DA:31,1
DA:33,2
DA:34,0
DA:35,0
DA:36,0
DA:37,0
DA:39,0
DA:40,0
DA:41,0
DA:42,0
DA:44,2
DA:45,14
DA:46,14
DA:47,14
DA:48,0
DA:49,14
DA:51,2
DA:52,1
DA:53,1
DA:54,1
DA:55,0
DA:56,1
DA:58,2
DA:59,0
DA:60,0
DA:61,0
DA:62,0
DA:64,0
DA:65,0
DA:66,0
DA:73,2
DA:74,1
DA:75,1
DA:76,1
DA:83,0
DA:86,1
DA:94,2
DA:95,1
DA:96,1
DA:97,1
DA:99,0
DA:109,1
DA:110,0
DA:113,1
DA:115,1
DA:124,2
DA:125,0
DA:126,0
DA:127,0
DA:132,0
DA:134,0
DA:143,2
DA:144,0
DA:146,0
DA:147,0
DA:148,0
DA:150,0
DA:152,0
DA:153,0
DA:158,0
DA:160,0
LF:78
LH:42
BRDA:36,0,0,0
BRDA:36,1,0,0
BRDA:36,1,1,0
BRDA:60,2,0,0
BRDA:60,2,1,0
BRDA:60,3,0,0
BRDA:60,3,1,0
BRDA:61,4,0,0
BRDA:109,5,0,0
BRDA:109,6,0,0
BRDA:109,6,1,1
BRDA:109,7,0,1
BRDA:109,7,1,1
BRDA:147,8,0,0
BRDA:147,9,0,0
BRDA:147,9,1,0
BRF:16
BRH:3
end_of_record
TN:
SF:src\api\controllers\system.controller.ts
FN:14,(anonymous_5)
FN:34,(anonymous_6)
FN:47,(anonymous_7)
FNF:3
FNH:3
FNDA:2,(anonymous_5)
FNDA:14,(anonymous_6)
FNDA:2,(anonymous_7)
DA:2,2
DA:3,2
DA:4,2
DA:6,2
DA:11,2
DA:15,2
DA:34,2
DA:35,14
DA:37,14
DA:39,0
DA:47,2
DA:48,2
DA:49,2
DA:66,2
DA:68,0
LF:15
LH:13
BRF:0
BRH:0
end_of_record
TN:
SF:src\api\dtos\change-password.dto.ts
FNF:0
FNH:0
DA:1,2
DA:6,2
LF:2
LH:2
BRF:0
BRH:0
end_of_record
TN:
SF:src\api\dtos\confirm-signup.dto.ts
FNF:0
FNH:0
DA:1,2
DA:6,2
LF:2
LH:2
BRF:0
BRH:0
end_of_record
TN:
SF:src\api\dtos\forgot-password.dto.ts
FNF:0
FNH:0
DA:1,2
DA:6,2
LF:2
LH:2
BRF:0
BRH:0
end_of_record
TN:
SF:src\api\dtos\login.dto.ts
FNF:0
FNH:0
DA:1,2
DA:6,2
LF:2
LH:2
BRF:0
BRH:0
end_of_record
TN:
SF:src\api\dtos\refresh-token.dto.ts
FNF:0
FNH:0
DA:1,2
DA:6,2
LF:2
LH:2
BRF:0
BRH:0
end_of_record
TN:
SF:src\api\dtos\reset-password.dto.ts
FNF:0
FNH:0
DA:1,2
DA:6,2
LF:2
LH:2
BRF:0
BRH:0
end_of_record
TN:
SF:src\api\dtos\signup.dto.ts
FNF:0
FNH:0
DA:1,2
DA:6,2
LF:2
LH:2
BRF:0
BRH:0
end_of_record
TN:
SF:src\api\dtos\verify-mfa.dto.ts
FNF:0
FNH:0
DA:1,2
DA:2,2
DA:5,2
DA:15,2
LF:4
LH:4
BRF:0
BRH:0
end_of_record
TN:
SF:src\api\middlewares\auth.guard.middleware.ts
FN:8,authGuardMiddleware
FN:12,(anonymous_1)
FNF:2
FNH:2
FNDA:6,authGuardMiddleware
FNDA:12,(anonymous_1)
DA:2,2
DA:4,2
DA:5,2
DA:8,2
DA:9,6
DA:10,6
DA:12,6
DA:13,12
DA:15,12
DA:16,8
DA:19,4
DA:21,4
DA:22,4
DA:23,0
DA:24,0
DA:26,4
DA:27,4
LF:17
LH:15
BRDA:15,0,0,8
BRDA:15,1,0,12
BRDA:15,1,1,9
BRF:3
BRH:3
end_of_record
TN:
SF:src\api\middlewares\error.middleware.ts
FN:15,(anonymous_0)
FN:19,(anonymous_1)
FNF:2
FNH:2
FNDA:2,(anonymous_0)
FNDA:60,(anonymous_1)
DA:4,2
DA:5,2
DA:15,2
DA:19,2
DA:21,60
DA:22,0
DA:26,0
DA:29,60
DA:30,60
DA:33,60
DA:34,56
DA:35,4
DA:36,0
DA:38,4
DA:42,60
DA:43,60
DA:44,16
DA:45,44
DA:46,13
DA:47,31
DA:48,27
DA:52,60
DA:60,60
DA:61,0
DA:62,0
DA:63,0
DA:66,60
LF:27
LH:21
BRDA:21,0,0,0
BRDA:23,1,0,0
BRDA:23,1,1,0
BRDA:30,2,0,60
BRDA:30,2,1,0
BRDA:33,3,0,56
BRDA:33,3,1,4
BRDA:35,4,0,0
BRDA:35,4,1,4
BRDA:43,5,0,16
BRDA:43,5,1,44
BRDA:45,6,0,13
BRDA:45,6,1,31
BRDA:45,7,0,44
BRDA:45,7,1,44
BRDA:47,8,0,27
BRDA:54,9,0,0
BRDA:54,9,1,60
BRDA:54,10,0,4
BRDA:54,10,1,56
BRDA:55,11,0,56
BRDA:55,11,1,4
BRDA:55,12,0,60
BRDA:55,12,1,60
BRDA:56,13,0,60
BRDA:56,13,1,0
BRDA:56,13,2,0
BRDA:60,14,0,0
BRF:28
BRH:19
end_of_record
TN:
SF:src\api\middlewares\requestMetrics.middleware.ts
FN:4,(anonymous_0)
FN:7,(anonymous_1)
FNF:2
FNH:2
FNDA:80,(anonymous_0)
FNDA:80,(anonymous_1)
DA:2,2
DA:4,2
DA:5,80
DA:7,80
DA:8,80
DA:9,80
DA:12,80
DA:19,80
DA:26,80
LF:9
LH:9
BRDA:8,0,0,76
BRDA:8,0,1,4
BRF:2
BRH:2
end_of_record
TN:
SF:src\api\middlewares\validation.middleware.ts
FN:6,(anonymous_0)
FN:7,(anonymous_1)
FN:18,(anonymous_2)
FNF:3
FNH:3
FNDA:16,(anonymous_0)
FNDA:45,(anonymous_1)
FNDA:18,(anonymous_2)
DA:2,2
DA:4,2
DA:6,2
DA:7,16
DA:8,45
DA:10,45
DA:13,30
DA:14,30
DA:15,30
DA:17,15
DA:18,15
DA:19,18
DA:20,18
DA:23,15
DA:28,15
DA:30,0
DA:31,0
LF:17
LH:15
BRDA:17,0,0,15
BRDA:17,0,1,0
BRDA:20,1,0,17
BRDA:20,1,1,1
BRF:4
BRH:3
end_of_record
TN:
SF:src\api\routes\auth.routes.ts
FNF:0
FNH:0
DA:1,2
DA:2,2
DA:3,2
DA:4,2
DA:7,2
DA:8,2
DA:17,2
DA:20,2
DA:21,2
DA:24,2
DA:29,2
DA:30,2
DA:33,2
DA:34,2
DA:37,2
DA:40,2
DA:41,2
DA:43,2
DA:52,2
DA:53,2
DA:55,2
LF:21
LH:21
BRF:0
BRH:0
end_of_record
TN:
SF:src\api\routes\system.routes.ts
FN:17,(anonymous_0)
FNF:1
FNH:1
FNDA:3,(anonymous_0)
DA:1,2
DA:2,2
DA:3,2
DA:5,2
DA:8,2
DA:11,2
DA:14,2
DA:15,2
DA:17,2
DA:18,3
DA:19,3
DA:22,2
LF:12
LH:12
BRF:0
BRH:0
end_of_record
TN:
SF:src\application\services\TokenBlacklistService.ts
FN:18,(anonymous_5)
FN:30,(anonymous_6)
FN:40,(anonymous_7)
FN:45,(anonymous_8)
FN:50,(anonymous_9)
FN:55,(anonymous_10)
FN:65,(anonymous_11)
FN:76,(anonymous_12)
FN:102,(anonymous_13)
FN:108,(anonymous_14)
FNF:10
FNH:3
FNDA:2,(anonymous_5)
FNDA:2,(anonymous_6)
FNDA:0,(anonymous_7)
FNDA:0,(anonymous_8)
FNDA:0,(anonymous_9)
FNDA:0,(anonymous_10)
FNDA:2,(anonymous_11)
FNDA:0,(anonymous_12)
FNDA:0,(anonymous_13)
FNDA:0,(anonymous_14)
DA:1,2
DA:4,2
DA:6,2
DA:13,2
DA:14,2
DA:16,2
DA:19,2
DA:20,2
DA:22,2
DA:23,2
DA:24,2
DA:26,0
DA:31,2
DA:32,2
DA:33,2
DA:40,2
DA:41,0
DA:42,0
DA:45,2
DA:46,0
DA:47,0
DA:50,2
DA:51,0
DA:52,0
DA:55,2
DA:56,0
DA:60,0
DA:61,0
DA:66,2
DA:67,2
DA:68,2
DA:69,2
DA:71,0
DA:77,0
DA:78,0
DA:80,0
DA:81,0
DA:83,0
DA:84,0
DA:85,0
DA:87,0
DA:93,0
DA:95,0
DA:98,0
DA:99,0
DA:102,0
DA:103,0
DA:104,0
DA:109,0
DA:110,0
DA:112,0
DA:113,0
DA:115,0
DA:116,0
DA:117,0
DA:118,0
DA:120,0
DA:126,0
DA:127,0
DA:128,0
LF:60
LH:22
BRDA:22,0,0,2
BRDA:22,0,1,0
BRDA:22,1,0,2
BRDA:22,1,1,2
BRDA:23,2,0,2
BRDA:23,2,1,0
BRDA:66,3,0,2
BRDA:77,4,0,0
BRDA:77,5,0,0
BRDA:77,5,1,0
BRDA:80,6,0,0
BRDA:95,7,0,0
BRDA:95,7,1,0
BRDA:98,8,0,0
BRDA:109,9,0,0
BRDA:109,10,0,0
BRDA:109,10,1,0
BRDA:112,11,0,0
BRDA:117,12,0,0
BRDA:117,12,1,0
BRDA:126,13,0,0
BRDA:126,13,1,0
BRDA:126,14,0,0
BRDA:126,14,1,0
BRDA:126,15,0,0
BRDA:126,15,1,0
BRDA:127,16,0,0
BRDA:127,16,1,0
BRF:28
BRH:5
end_of_record
TN:
SF:src\application\services\auth.service.ts
FN:30,(anonymous_5)
FN:56,(anonymous_6)
FN:114,(anonymous_7)
FN:132,(anonymous_8)
FN:150,(anonymous_9)
FN:171,(anonymous_10)
FN:188,(anonymous_11)
FN:219,(anonymous_12)
FN:235,(anonymous_13)
FN:251,(anonymous_14)
FNF:10
FNH:7
FNDA:12,(anonymous_5)
FNDA:1,(anonymous_6)
FNDA:1,(anonymous_7)
FNDA:4,(anonymous_8)
FNDA:14,(anonymous_9)
FNDA:1,(anonymous_10)
FNDA:0,(anonymous_11)
FNDA:1,(anonymous_12)
FNDA:0,(anonymous_13)
FNDA:0,(anonymous_14)
DA:1,2
DA:7,2
DA:9,2
DA:10,2
DA:12,2
DA:13,2
DA:16,2
DA:21,2
DA:22,2
DA:23,2
DA:24,2
DA:27,2
DA:31,12
DA:32,12
DA:33,0
DA:35,12
DA:36,12
DA:37,0
DA:38,0
DA:41,12
DA:42,0
DA:43,0
DA:45,12
DA:47,12
DA:48,12
DA:51,0
DA:57,1
DA:58,1
DA:59,0
DA:63,1
DA:64,1
DA:66,1
DA:67,1
DA:69,0
DA:70,0
DA:76,0
DA:77,0
DA:78,0
DA:86,0
DA:88,0
DA:89,0
DA:91,0
DA:94,0
DA:95,0
DA:98,1
DA:99,1
DA:100,0
DA:101,0
DA:103,1
DA:105,1
DA:106,1
DA:109,0
DA:115,1
DA:116,1
DA:117,0
DA:119,1
DA:120,1
DA:121,0
DA:122,0
DA:124,1
DA:125,1
DA:126,0
DA:128,1
DA:133,4
DA:134,4
DA:135,0
DA:137,4
DA:138,4
DA:139,0
DA:140,0
DA:142,4
DA:143,4
DA:144,2
DA:146,2
DA:151,14
DA:153,14
DA:155,0
DA:157,14
DA:158,14
DA:159,0
DA:161,0
DA:163,14
DA:164,14
DA:165,14
DA:167,0
DA:172,1
DA:173,1
DA:174,0
DA:176,1
DA:177,1
DA:178,0
DA:180,1
DA:181,1
DA:182,1
DA:184,0
DA:189,0
DA:190,0
DA:191,0
DA:193,0
DA:194,0
DA:197,0
DA:198,0
DA:199,0
DA:200,0
DA:201,0
DA:202,0
DA:206,0
DA:208,0
DA:209,0
DA:210,0
DA:215,0
DA:220,1
DA:221,1
DA:222,0
DA:224,1
DA:225,1
DA:226,0
DA:227,0
DA:229,1
DA:230,1
DA:231,0
DA:236,0
DA:237,0
DA:238,0
DA:241,0
DA:242,0
DA:243,0
DA:245,0
DA:246,0
DA:247,0
DA:252,0
DA:253,0
DA:254,0
DA:256,0
DA:257,0
DA:260,0
DA:261,0
DA:262,0
DA:264,0
DA:265,0
DA:266,0
LF:141
LH:66
BRDA:32,0,0,0
BRDA:32,1,0,12
BRDA:32,1,1,12
BRDA:41,2,0,0
BRDA:41,2,1,12
BRDA:47,3,0,12
BRDA:47,4,0,12
BRDA:47,4,1,12
BRDA:51,5,0,0
BRDA:51,5,1,0
BRDA:58,6,0,0
BRDA:58,7,0,1
BRDA:58,7,1,1
BRDA:58,7,2,1
BRDA:58,7,3,1
BRDA:64,8,0,1
BRDA:64,8,1,0
BRDA:64,8,2,0
BRDA:64,8,3,0
BRDA:105,9,0,1
BRDA:105,10,0,1
BRDA:105,10,1,1
BRDA:109,11,0,0
BRDA:109,11,1,0
BRDA:116,12,0,0
BRDA:125,13,0,0
BRDA:128,14,0,1
BRDA:128,14,1,0
BRDA:134,15,0,0
BRDA:143,16,0,2
BRDA:146,17,0,2
BRDA:146,17,1,0
BRDA:153,18,0,0
BRDA:153,19,0,14
BRDA:153,19,1,14
BRDA:153,19,2,14
BRDA:153,20,0,0
BRDA:153,20,1,14
BRDA:153,21,0,14
BRDA:153,21,1,14
BRDA:164,22,0,14
BRDA:164,23,0,14
BRDA:164,23,1,14
BRDA:167,24,0,0
BRDA:167,24,1,0
BRDA:173,25,0,0
BRDA:173,26,0,1
BRDA:173,26,1,1
BRDA:181,27,0,1
BRDA:181,28,0,1
BRDA:181,28,1,1
BRDA:184,29,0,0
BRDA:184,29,1,0
BRDA:190,30,0,0
BRDA:198,31,0,0
BRDA:198,32,0,0
BRDA:198,32,1,0
BRDA:198,32,2,0
BRDA:200,33,0,0
BRDA:209,34,0,0
BRDA:215,35,0,0
BRDA:215,35,1,0
BRDA:221,36,0,0
BRDA:230,37,0,1
BRDA:230,38,0,1
BRDA:230,38,1,1
BRDA:231,39,0,0
BRDA:231,39,1,0
BRDA:237,40,0,0
BRDA:237,41,0,0
BRDA:237,41,1,0
BRDA:237,41,2,0
BRDA:246,42,0,0
BRDA:246,43,0,0
BRDA:246,43,1,0
BRDA:246,43,2,0
BRDA:247,44,0,0
BRDA:247,44,1,0
BRDA:253,45,0,0
BRDA:253,46,0,0
BRDA:253,46,1,0
BRDA:253,46,2,0
BRDA:256,47,0,0
BRDA:265,48,0,0
BRDA:265,49,0,0
BRDA:265,49,1,0
BRDA:266,50,0,0
BRDA:266,50,1,0
BRF:88
BRH:34
end_of_record
TN:
SF:src\domain\exceptions\AuthenticationError.ts
FN:9,(anonymous_0)
FN:18,(anonymous_1)
FN:25,(anonymous_2)
FN:32,(anonymous_3)
FN:39,(anonymous_4)
FN:48,(anonymous_5)
FN:62,(anonymous_6)
FNF:7
FNH:2
FNDA:17,(anonymous_0)
FNDA:0,(anonymous_1)
FNDA:0,(anonymous_2)
FNDA:2,(anonymous_3)
FNDA:0,(anonymous_4)
FNDA:0,(anonymous_5)
FNDA:0,(anonymous_6)
DA:2,2
DA:8,2
DA:11,17
DA:17,2
DA:19,0
DA:20,0
DA:24,2
DA:26,0
DA:27,0
DA:31,2
DA:33,2
DA:34,2
DA:38,2
DA:42,0
DA:43,0
DA:47,2
DA:49,0
DA:50,0
DA:57,2
DA:71,0
DA:72,0
DA:73,0
DA:74,0
DA:75,0
LF:24
LH:11
BRDA:9,0,0,0
BRDA:9,1,0,15
BRDA:18,2,0,0
BRDA:25,3,0,0
BRDA:32,4,0,0
BRDA:39,5,0,0
BRDA:48,6,0,0
BRDA:65,7,0,0
BRDA:66,8,0,0
BRF:9
BRH:1
end_of_record
TN:
SF:src\infrastructure\adapters\cognito\CognitoAuthAdapter.ts
FN:88,(anonymous_4)
FN:109,(anonymous_5)
FN:110,(anonymous_6)
FN:111,(anonymous_7)
FN:112,(anonymous_8)
FN:113,(anonymous_9)
FN:114,(anonymous_10)
FN:115,(anonymous_11)
FN:116,(anonymous_12)
FN:117,(anonymous_13)
FN:119,(anonymous_14)
FN:120,(anonymous_15)
FN:123,(anonymous_16)
FN:175,(anonymous_17)
FN:216,(anonymous_18)
FN:241,(anonymous_19)
FN:249,(anonymous_20)
FN:265,(anonymous_21)
FN:269,(anonymous_22)
FN:315,(anonymous_23)
FN:332,(anonymous_24)
FN:347,(anonymous_25)
FN:364,(anonymous_26)
FN:382,(anonymous_27)
FN:405,(anonymous_28)
FN:425,(anonymous_29)
FN:445,(anonymous_30)
FN:460,(anonymous_31)
FNF:28
FNH:16
FNDA:2,(anonymous_4)
FNDA:13,(anonymous_5)
FNDA:4,(anonymous_6)
FNDA:14,(anonymous_7)
FNDA:1,(anonymous_8)
FNDA:0,(anonymous_9)
FNDA:1,(anonymous_10)
FNDA:0,(anonymous_11)
FNDA:0,(anonymous_12)
FNDA:1,(anonymous_13)
FNDA:0,(anonymous_14)
FNDA:0,(anonymous_15)
FNDA:12,(anonymous_16)
FNDA:1,(anonymous_17)
FNDA:1,(anonymous_18)
FNDA:4,(anonymous_19)
FNDA:0,(anonymous_20)
FNDA:14,(anonymous_21)
FNDA:28,(anonymous_22)
FNDA:1,(anonymous_23)
FNDA:0,(anonymous_24)
FNDA:1,(anonymous_25)
FNDA:0,(anonymous_26)
FNDA:0,(anonymous_27)
FNDA:0,(anonymous_28)
FNDA:0,(anonymous_29)
FNDA:0,(anonymous_30)
FNDA:34,(anonymous_31)
DA:1,2
DA:59,2
DA:64,2
DA:65,2
DA:66,2
DA:67,2
DA:70,2
DA:89,2
DA:90,2
DA:92,2
DA:93,2
DA:94,2
DA:97,2
DA:99,0
DA:103,2
DA:105,2
DA:108,2
DA:109,13
DA:110,4
DA:111,14
DA:112,2
DA:113,2
DA:114,2
DA:115,2
DA:116,2
DA:117,2
DA:119,2
DA:120,2
DA:124,12
DA:125,12
DA:130,12
DA:131,12
DA:133,0
DA:134,0
DA:135,0
DA:136,0
DA:137,0
DA:138,0
DA:140,0
DA:145,0
DA:146,0
DA:147,0
DA:149,0
DA:155,0
DA:156,0
DA:160,0
DA:161,0
DA:165,12
DA:166,0
DA:169,12
DA:176,1
DA:177,1
DA:184,1
DA:185,1
DA:187,0
DA:188,0
DA:189,0
DA:190,0
DA:192,0
DA:193,0
DA:194,0
DA:195,0
DA:197,0
DA:203,0
DA:204,0
DA:207,1
DA:208,0
DA:210,1
DA:217,1
DA:218,1
DA:223,1
DA:224,1
DA:225,0
DA:226,0
DA:228,0
DA:231,0
DA:232,0
DA:235,1
DA:242,4
DA:243,4
DA:244,4
DA:245,4
DA:246,0
DA:247,0
DA:249,0
DA:251,0
DA:252,0
DA:256,0
DA:257,0
DA:259,4
DA:266,14
DA:268,14
DA:269,28
DA:272,14
DA:274,14
DA:281,14
DA:282,14
DA:283,0
DA:286,0
DA:287,0
DA:288,0
DA:293,0
DA:295,0
DA:303,0
DA:309,14
DA:316,1
DA:317,1
DA:322,1
DA:323,1
DA:324,0
DA:326,1
DA:333,0
DA:334,0
DA:337,0
DA:338,0
DA:339,0
DA:341,0
DA:348,1
DA:349,1
DA:353,1
DA:354,1
DA:355,0
DA:356,0
DA:358,1
DA:365,0
DA:366,0
DA:372,0
DA:373,0
DA:374,0
DA:376,0
DA:383,0
DA:384,0
DA:389,0
DA:390,0
DA:391,0
DA:394,0
DA:395,0
DA:396,0
DA:399,0
DA:406,0
DA:407,0
DA:408,0
DA:410,0
DA:411,0
DA:413,0
DA:426,0
DA:427,0
DA:433,0
DA:435,0
DA:436,0
DA:438,0
DA:446,0
DA:447,0
DA:448,0
DA:451,0
DA:461,34
DA:465,34
DA:467,34
DA:470,2
DA:472,2
DA:475,0
DA:476,0
DA:479,0
DA:482,0
DA:486,0
DA:489,0
DA:492,0
DA:495,0
DA:498,0
DA:501,3
DA:504,0
DA:507,0
DA:510,0
DA:520,0
DA:529,0
DA:533,29
DA:536,0
DA:545,0
DA:546,0
LF:179
LH:74
BRDA:93,0,0,2
BRDA:93,0,1,0
BRDA:94,1,0,2
BRDA:94,1,1,0
BRDA:97,2,0,0
BRDA:97,3,0,2
BRDA:97,3,1,2
BRDA:97,3,2,2
BRDA:133,4,0,0
BRDA:133,4,1,0
BRDA:136,5,0,0
BRDA:136,5,1,0
BRDA:138,6,0,0
BRDA:138,6,1,0
BRDA:138,6,2,0
BRDA:138,6,3,0
BRDA:138,6,4,0
BRDA:145,7,0,0
BRDA:165,8,0,0
BRDA:165,9,0,12
BRDA:165,9,1,12
BRDA:187,10,0,0
BRDA:187,10,1,0
BRDA:190,11,0,0
BRDA:190,11,1,0
BRDA:193,12,0,0
BRDA:207,13,0,0
BRDA:225,14,0,0
BRDA:225,14,1,0
BRDA:249,15,0,0
BRDA:249,15,1,0
BRDA:249,16,0,0
BRDA:249,16,1,0
BRDA:251,17,0,0
BRDA:251,18,0,0
BRDA:251,18,1,0
BRDA:286,19,0,0
BRDA:304,20,0,0
BRDA:304,20,1,0
BRDA:304,21,0,0
BRDA:304,21,1,0
BRDA:305,22,0,0
BRDA:305,22,1,0
BRDA:305,23,0,0
BRDA:305,23,1,0
BRDA:355,24,0,0
BRDA:355,24,1,0
BRDA:355,25,0,0
BRDA:355,25,1,0
BRDA:355,26,0,0
BRDA:355,26,1,0
BRDA:355,27,0,0
BRDA:355,27,1,0
BRDA:394,28,0,0
BRDA:394,29,0,0
BRDA:394,29,1,0
BRDA:394,30,0,0
BRDA:394,30,1,0
BRDA:394,31,0,0
BRDA:394,31,1,0
BRDA:446,32,0,0
BRDA:446,33,0,0
BRDA:446,33,1,0
BRDA:446,33,2,0
BRDA:446,34,0,0
BRDA:446,34,1,0
BRDA:446,35,0,0
BRDA:446,35,1,0
BRDA:446,36,0,0
BRDA:446,36,1,0
BRDA:446,37,0,0
BRDA:446,37,1,0
BRDA:446,38,0,0
BRDA:446,38,1,0
BRDA:446,39,0,0
BRDA:446,39,1,0
BRDA:461,40,0,34
BRDA:461,40,1,0
BRDA:462,41,0,0
BRDA:462,41,1,34
BRDA:462,42,0,34
BRDA:462,42,1,34
BRDA:465,43,0,34
BRDA:465,43,1,0
BRDA:467,44,0,2
BRDA:467,44,1,0
BRDA:467,44,2,0
BRDA:467,44,3,0
BRDA:467,44,4,0
BRDA:467,44,5,0
BRDA:467,44,6,0
BRDA:467,44,7,0
BRDA:467,44,8,3
BRDA:467,44,9,0
BRDA:467,44,10,0
BRDA:467,44,11,0
BRDA:467,44,12,0
BRDA:467,44,13,0
BRDA:467,44,14,0
BRDA:467,44,15,0
BRDA:467,44,16,29
BRDA:467,44,17,0
BRDA:467,44,18,0
BRDA:470,45,0,2
BRDA:470,46,0,2
BRDA:470,46,1,0
BRDA:470,47,0,0
BRDA:470,47,1,2
BRDA:470,48,0,2
BRDA:470,48,1,2
BRDA:472,49,0,2
BRDA:472,49,1,0
BRDA:475,50,0,0
BRDA:475,51,0,0
BRDA:475,51,1,0
BRDA:475,52,0,0
BRDA:475,52,1,0
BRDA:479,53,0,0
BRDA:479,53,1,0
BRDA:498,54,0,0
BRDA:498,54,1,0
BRDA:501,55,0,3
BRDA:501,55,1,0
BRDA:513,56,0,0
BRDA:513,56,1,0
BRDA:523,57,0,0
BRDA:523,57,1,0
BRDA:529,58,0,0
BRDA:529,58,1,0
BRDA:533,59,0,29
BRDA:533,59,1,0
BRDA:549,60,0,0
BRDA:549,60,1,0
BRF:133
BRH:23
end_of_record
TN:
SF:src\infrastructure\config\EnvironmentConfigService.ts
FN:31,(anonymous_2)
FN:42,(anonymous_3)
FN:52,(anonymous_4)
FN:61,(anonymous_5)
FN:81,(anonymous_6)
FN:104,(anonymous_7)
FN:108,(anonymous_8)
FN:117,(anonymous_9)
FN:119,(anonymous_10)
FN:132,(anonymous_11)
FN:137,(anonymous_12)
FN:147,(anonymous_13)
FN:155,(anonymous_14)
FNF:13
FNH:6
FNDA:2,(anonymous_2)
FNDA:18,(anonymous_3)
FNDA:78,(anonymous_4)
FNDA:0,(anonymous_5)
FNDA:2,(anonymous_6)
FNDA:0,(anonymous_7)
FNDA:0,(anonymous_8)
FNDA:0,(anonymous_9)
FNDA:0,(anonymous_10)
FNDA:18,(anonymous_11)
FNDA:2,(anonymous_12)
FNDA:0,(anonymous_13)
FNDA:0,(anonymous_14)
DA:1,2
DA:6,2
DA:9,2
DA:23,2
DA:39,2
DA:40,2
DA:41,2
DA:42,18
DA:43,2
DA:44,0
DA:45,0
DA:46,0
DA:48,2
DA:53,78
DA:55,78
DA:56,2
DA:58,76
DA:62,0
DA:64,0
DA:65,0
DA:68,0
DA:69,0
DA:71,0
DA:72,0
DA:73,0
DA:76,0
DA:78,0
DA:82,2
DA:84,2
DA:85,0
DA:88,2
DA:89,2
DA:91,0
DA:92,0
DA:96,0
DA:97,0
DA:98,0
DA:101,0
DA:105,0
DA:106,0
DA:108,0
DA:109,0
DA:110,0
DA:113,0
DA:117,0
DA:118,0
DA:119,0
DA:120,0
DA:124,0
DA:128,0
DA:134,18
DA:138,2
DA:139,2
DA:140,0
DA:142,2
DA:151,0
DA:152,0
DA:155,0
DA:156,0
DA:157,0
DA:158,0
DA:159,0
DA:161,0
LF:63
LH:22
BRDA:42,0,0,18
BRDA:42,0,1,18
BRDA:43,1,0,0
BRDA:55,2,0,2
BRDA:55,3,0,78
BRDA:55,3,1,76
BRDA:64,4,0,0
BRDA:64,5,0,0
BRDA:64,5,1,0
BRDA:69,6,0,0
BRDA:71,7,0,0
BRDA:82,8,0,0
BRDA:82,8,1,2
BRDA:82,9,0,2
BRDA:82,9,1,2
BRDA:84,10,0,0
BRDA:84,11,0,2
BRDA:84,11,1,2
BRDA:88,12,0,2
BRDA:88,13,0,2
BRDA:88,13,1,0
BRDA:91,14,0,0
BRDA:91,15,0,0
BRDA:91,15,1,0
BRDA:96,16,0,0
BRDA:109,17,0,0
BRDA:109,17,1,0
BRDA:118,18,0,0
BRDA:118,19,0,0
BRDA:118,19,1,0
BRDA:119,20,0,0
BRDA:119,20,1,0
BRDA:139,21,0,0
BRDA:155,22,0,0
BRDA:155,22,1,0
BRDA:156,23,0,0
BRF:36
BRH:12
end_of_record
TN:
SF:src\infrastructure\logging\WinstonLogger.ts
FN:16,(anonymous_5)
FN:22,(anonymous_6)
FN:72,(anonymous_7)
FN:77,(anonymous_8)
FN:82,(anonymous_9)
FN:107,(anonymous_10)
FNF:6
FNH:6
FNDA:2,(anonymous_5)
FNDA:2,(anonymous_6)
FNDA:78,(anonymous_7)
FNDA:17,(anonymous_8)
FNDA:133,(anonymous_9)
FNDA:34,(anonymous_10)
DA:1,2
DA:2,2
DA:3,2
DA:4,2
DA:7,2
DA:8,2
DA:13,2
DA:17,2
DA:19,2
DA:23,2
DA:24,2
DA:27,2
DA:38,2
DA:39,0
DA:40,0
DA:41,0
DA:43,0
DA:44,0
DA:50,0
DA:51,0
DA:56,2
DA:57,0
DA:58,0
DA:59,0
DA:64,0
DA:68,2
DA:69,2
DA:73,78
DA:74,78
DA:78,17
DA:79,17
DA:83,133
DA:85,133
DA:86,133
DA:87,133
DA:88,95
DA:97,38
DA:104,133
DA:108,34
DA:109,34
LF:40
LH:29
BRDA:29,0,0,2
BRDA:29,0,1,0
BRDA:29,1,0,2
BRDA:29,1,1,2
BRDA:38,2,0,0
BRDA:43,3,0,0
BRDA:43,4,0,0
BRDA:43,4,1,0
BRDA:46,5,0,0
BRDA:46,5,1,0
BRDA:56,6,0,0
BRDA:58,7,0,0
BRDA:73,8,0,0
BRDA:78,9,0,0
BRDA:83,10,0,0
BRDA:85,11,0,133
BRDA:85,11,1,133
BRDA:86,12,0,133
BRDA:87,13,0,95
BRDA:87,13,1,38
BRDA:108,14,0,0
BRF:21
BRH:8
end_of_record
TN:
SF:src\infrastructure\logging\logger.config.ts
FN:15,(anonymous_1)
FN:62,(anonymous_2)
FN:64,(anonymous_3)
FNF:3
FNH:3
FNDA:262,(anonymous_1)
FNDA:148,(anonymous_2)
FNDA:838,(anonymous_3)
DA:1,2
DA:6,2
DA:15,262
DA:16,262
DA:18,262
DA:21,262
DA:22,148
DA:24,262
DA:25,0
DA:27,262
DA:62,2
DA:63,148
DA:64,148
DA:65,838
DA:66,361
DA:67,0
DA:69,361
DA:71,838
LF:18
LH:16
BRDA:18,0,0,148
BRDA:18,0,1,114
BRDA:21,1,0,148
BRDA:21,2,0,262
BRDA:21,2,1,148
BRDA:24,3,0,0
BRDA:65,4,0,361
BRDA:65,5,0,838
BRDA:65,5,1,361
BRDA:66,6,0,0
BRF:10
BRH:8
end_of_record
TN:
SF:src\infrastructure\monitoring\metrics.ts
FNF:0
FNH:0
DA:1,2
DA:3,2
DA:6,2
DA:11,2
DA:14,2
DA:22,2
LF:6
LH:6
BRF:0
BRH:0
end_of_record
TN:
SF:src\shared\constants\types.ts
FNF:0
FNH:0
DA:5,2
LF:1
LH:1
BRF:0
BRH:0
end_of_record
TN:
SF:src\shared\errors\BaseError.ts
FN:25,(anonymous_0)
FN:49,(anonymous_1)
FN:59,(anonymous_2)
FN:68,(anonymous_3)
FN:77,(anonymous_4)
FNF:5
FNH:3
FNDA:64,(anonymous_0)
FNDA:18,(anonymous_1)
FNDA:29,(anonymous_2)
FNDA:0,(anonymous_3)
FNDA:0,(anonymous_4)
DA:6,2
DA:26,64
DA:29,64
DA:30,64
DA:31,64
DA:34,64
DA:35,64
DA:39,64
DA:48,2
DA:49,18
DA:50,18
DA:58,2
DA:60,29
DA:67,2
DA:69,0
DA:76,2
DA:78,0
LF:17
LH:15
BRDA:25,0,0,0
BRDA:34,1,0,64
BRDA:49,2,0,0
BRDA:59,3,0,0
BRDA:68,4,0,0
BRDA:77,5,0,0
BRF:6
BRH:1
end_of_record
